./submissions/Aleksei Murashin/filter.js
./submissions/Aleksey Sergey/filter.js
./submissions/Alex Kheben/filter.js
./submissions/Alex Ku/filter.js
./submissions/Alexander Ilyin/filter2.js
./submissions/Alexander Rusakov/filter.js
./submissions/Alexander Savchuk/solution.js
./submissions/Alexandr/filter.js
./submissions/Alexey Chemichev/achemichevfilterR2.js
./submissions/Alexey Kolpakov/filter10.js
./submissions/Alexey Larkov/filter.js
./submissions/Alexey Pushnikov/filter.js
./submissions/Alexey Sadovin/filter.js
./submissions/Alina Lozhkina/filter.js
./submissions/Andrew Kashta/filter.js
./submissions/Andrey Grankin/filter.js
./submissions/Andrey Kostakov/challenge_mail_filter.js
./submissions/Andrey Pogoreltsev/filter.js
./submissions/Andy5938/filterAndy5938.js
./submissions/Anton Podkuyko/index.js
./submissions/Arkadi Klepatch/filter.js
./submissions/Aydar Mirzagitov/filter.js
./submissions/berrunder/filter.js
./submissions/Black Knight/result.js
./submissions/Dan Revah/filter-optimized.js
./submissions/Daniil Onoshko/filter.js
./submissions/Danila Sukhanov/filter.js
./submissions/Denis Bezrukov/filter.js
./submissions/Denis Kepeshchuk/filter.js
./submissions/Denis Kreshikhin/kreshikhin-filter.js
./submissions/Denis Protasov/filter.js
./submissions/Denys Skychko/filter.js
./submissions/Dmitry Egorov/degorov.js
./submissions/Dmitry Podgorniy/filter.js
./submissions/Ecma Scripter/filter.js
./submissions/Evgenii Kazmiruk/filter.js
./submissions/Evgeny Lukianchikov/filter.js
./submissions/Evgeny Zeyler/filter.js
./submissions/Georgy Chebanov/filter.js
./submissions/Igor Potapov/filter.js
./submissions/Igor Vladimirovich/hola.js
./submissions/Ilya Chervonov/ichervon.js
./submissions/Ilya Makarov/filter-with-memo.js
./submissions/Ilya Mochalov/index.js
./submissions/Ionicman/check.js
./submissions/Jarek Płocki/filter.js
./submissions/Katerina Pavlenko/filter.js
./submissions/KingOfNothing/kingofnothing_filter.js
./submissions/Kirill Bykov/script.js
./submissions/Kobi/filter_v2.js
./submissions/Max Brodin/filter.js
./submissions/Maxim Drozdov/filter.js
./submissions/Maxim Khoruzhko/filter.js
./submissions/Nadav Ivgi/filter.js
./submissions/nerv/filter.js
./submissions/Nickolay Savchenko/filter.js
./submissions/Nikita Isaev/filter.js
./submissions/Nikolay Karev/karevn.js
./submissions/Nikolay Kuchumov/filter.js
./submissions/Nikolay Shevlyakov/filter.js
./submissions/Oleg Popov/filter.js
./submissions/Pavel Gruba/filter.js
./submissions/Pavel Koltyshev/index.js
./submissions/Pavel Orlov/filter.js
./submissions/R5t4nah6/filter.js
./submissions/Roman Pletnev/roman_pletnev_filter.js
./submissions/Ruslan Koptev/filter-regexp.js
./submissions/Ruslan Minukov/filter.js
./submissions/Sergey Golub/filter.js
./submissions/Sergey Ivanov/filter.js
./submissions/Sergey Lichack/filter.js
./submissions/Sergey Mikhailovich/filter.js
./submissions/Sergey Petkun/filter_final.js
./submissions/Sergey Savelyev/filter.js
./submissions/Serj Karasev/mailfilter_serjkarasev.js
./submissions/Siroj Matchanov/msn.js
./submissions/Slava Shklyaev/filter.js
./submissions/Stas Vasilyev/filter_stanislav.js
./submissions/Vasiliy Kostin/filter.js
./submissions/Vitali Falileev/hola_filter.js
./submissions/Vitali Koshtoev/filter.js
./submissions/Vitalii Petrychuk/index.js
./submissions/Vitaliy (vint)/filter.js
./submissions/Vitaly Dyatlov/filter.js
./submissions/Vladimir Barbarosh/src/filter.js
./submissions/Vladimir Osipov/filter.js
./submissions/Vladimir Privalov/filter-y2.js
./submissions/Vladislav Nezhutin/filter.js
./submissions/Vyacheslav Bazhinov/nfa.js
./submissions/Vyacheslav Ryabinin/filter.js
./submissions/Yuri Kilochek/filter.js
./submissions/yuri_c/filter.js
./submissions/Yuriy Khabarov/filter.js
./submissions/Zibx/original.js
./submissions/Petr Shalkov/filter.js
./submissions/Dmitry Rybin/index.js